<?xml version="1.0" encoding="UTF-8"?>
<!-- Generated by org.testng.reporters.JUnitXMLReporter -->
<testsuite hostname="Aditya" ignored="0" name="Smoke Test" tests="3" failures="0" timestamp="2020-12-06T02:04:11 IST" time="57.885" errors="0">
  <testcase name="test1" time="14.815" classname="com.letsKodeIt.testclasses.LoginTestFullFunctionality"/>
  <testcase name="test2" time="6.06" classname="com.letsKodeIt.testclasses.LoginTestFullFunctionality"/>
  <testcase name="test3" time="6.385" classname="com.letsKodeIt.testclasses.LoginTestFullFunctionality"/>
</testsuite> <!-- Smoke Test -->
