<?xml version="1.0" encoding="UTF-8"?>
<testng-results skipped="0" failed="0" ignored="0" total="3" passed="3">
  <reporter-output>
  </reporter-output>
  <suite name="Regression testing" duration-ms="57885" started-at="2020-12-06T02:03:13 IST" finished-at="2020-12-06T02:04:11 IST">
    <groups>
    </groups>
    <test name="Smoke Test" duration-ms="57885" started-at="2020-12-06T02:03:13 IST" finished-at="2020-12-06T02:04:11 IST">
      <class name="com.letsKodeIt.testclasses.LoginTestFullFunctionality">
        <test-method status="PASS" signature="commonbeforeClass(java.lang.String)[pri:0, instance:com.letsKodeIt.testclasses.LoginTestFullFunctionality@18d87d80]" name="commonbeforeClass" is-config="true" duration-ms="25393" started-at="2020-12-06T02:03:13 IST" finished-at="2020-12-06T02:03:39 IST">
          <params>
            <param index="0">
              <value>
                <![CDATA[firefox]]>
              </value>
            </param>
          </params>
          <reporter-output>
          </reporter-output>
        </test-method> <!-- commonbeforeClass -->
        <test-method status="PASS" signature="test1()[pri:0, instance:com.letsKodeIt.testclasses.LoginTestFullFunctionality@18d87d80]" name="test1" duration-ms="14815" started-at="2020-12-06T02:03:39 IST" finished-at="2020-12-06T02:03:54 IST">
          <reporter-output>
          </reporter-output>
        </test-method> <!-- test1 -->
        <test-method status="PASS" signature="test2()[pri:0, instance:com.letsKodeIt.testclasses.LoginTestFullFunctionality@18d87d80]" name="test2" duration-ms="6060" started-at="2020-12-06T02:03:54 IST" finished-at="2020-12-06T02:04:00 IST">
          <reporter-output>
          </reporter-output>
        </test-method> <!-- test2 -->
        <test-method status="PASS" signature="test3()[pri:0, instance:com.letsKodeIt.testclasses.LoginTestFullFunctionality@18d87d80]" name="test3" duration-ms="6385" started-at="2020-12-06T02:04:00 IST" finished-at="2020-12-06T02:04:06 IST">
          <reporter-output>
          </reporter-output>
        </test-method> <!-- test3 -->
        <test-method status="PASS" signature="afterClasses()[pri:0, instance:com.letsKodeIt.testclasses.LoginTestFullFunctionality@18d87d80]" name="afterClasses" is-config="true" duration-ms="5128" started-at="2020-12-06T02:04:06 IST" finished-at="2020-12-06T02:04:11 IST">
          <reporter-output>
          </reporter-output>
        </test-method> <!-- afterClasses -->
      </class> <!-- com.letsKodeIt.testclasses.LoginTestFullFunctionality -->
    </test> <!-- Smoke Test -->
  </suite> <!-- Regression testing -->
</testng-results>
